<?xml version="1.0" encoding="UTF-8"?>
<!-- Generated by org.testng.reporters.JUnitXMLReporter -->
<testsuite hostname="HMECL003091" ignored="0" name="Page-Run." tests="4" failures="0" timestamp="28 May 2020 07:22:15 GMT" time="96.925" errors="0">
  <testcase name="login" time="23.84" classname="com.qa.tests.FreeCRMAccountPageTest"/>
  <testcase name="login" time="2.325" classname="com.qa.tests.FreeCRMAccountPageTest"/>
  <testcase name="login" time="22.958" classname="com.qa.tests.FreeCRMAccountPageTest"/>
  <testcase name="submitForm" time="96.906" classname="com.qa.tests.UglyContactUsPageTest"/>
</testsuite> <!-- Page-Run. -->
