<?xml version="1.0" encoding="UTF-8"?>
<testng-results skipped="0" failed="0" ignored="0" total="1" passed="1">
  <reporter-output>
  </reporter-output>
  <suite name="Pages" duration-ms="73577" started-at="2020-04-04T05:53:45Z" finished-at="2020-04-04T05:54:59Z">
    <groups>
    </groups>
    <test name="Page-Run." duration-ms="73577" started-at="2020-04-04T05:53:45Z" finished-at="2020-04-04T05:54:59Z">
      <class name="com.qa.tests.JBLMyAccountPageTest">
        <test-method status="PASS" signature="login()[pri:0, instance:com.qa.tests.JBLMyAccountPageTest@4883b407]" name="login" duration-ms="73551" started-at="2020-04-04T05:53:45Z" finished-at="2020-04-04T05:54:59Z">
          <reporter-output>
          </reporter-output>
        </test-method> <!-- login -->
      </class> <!-- com.qa.tests.JBLMyAccountPageTest -->
    </test> <!-- Page-Run. -->
  </suite> <!-- Pages -->
</testng-results>
